@!@!@STARTMSG 2262:0 @!@!@
TLC2 Version 2.14 of 10 July 2019
@!@!@ENDMSG 2262 @!@!@
@!@!@STARTMSG 2187:0 @!@!@
Running breadth-first search Model-Checking with fp 37 and seed -5720372103889197226 with 6 workers on 8 cores with 2336MB heap and 5254MB offheap memory [pid: 157137] (Linux 5.5.13-200.fc31.x86_64 amd64, AdoptOpenJDK 11.0.3 x86_64, OffHeapDiskFPSet, DiskStateQueue).
@!@!@ENDMSG 2187 @!@!@
@!@!@STARTMSG 2220:0 @!@!@
Starting SANY...
@!@!@ENDMSG 2220 @!@!@
Parsing file /home/matth/projects/tlaplus/infra/UpdateCluster_1.toolbox/Model_1/MC.tla
Parsing file /home/matth/projects/tlaplus/infra/UpdateCluster_1.toolbox/Model_1/UpdateCluster.tla
Parsing file /home/matth/bin/tlatoolbox/plugins/org.lamport.tlatools_1.0.0.201907102009/tla2sany/StandardModules/TLC.tla
Parsing file /home/matth/bin/tlatoolbox/plugins/org.lamport.tlatools_1.0.0.201907102009/tla2sany/StandardModules/Integers.tla
Parsing file /home/matth/bin/tlatoolbox/plugins/org.lamport.tlatools_1.0.0.201907102009/tla2sany/StandardModules/FiniteSets.tla
Parsing file /home/matth/bin/tlatoolbox/plugins/org.lamport.tlatools_1.0.0.201907102009/tla2sany/StandardModules/Naturals.tla
Parsing file /home/matth/bin/tlatoolbox/plugins/org.lamport.tlatools_1.0.0.201907102009/tla2sany/StandardModules/Sequences.tla
Semantic processing of module Naturals
Semantic processing of module Integers
Semantic processing of module Sequences
Semantic processing of module FiniteSets
Semantic processing of module UpdateCluster
Semantic processing of module TLC
Semantic processing of module MC
@!@!@STARTMSG 2219:0 @!@!@
SANY finished.
@!@!@ENDMSG 2219 @!@!@
@!@!@STARTMSG 2185:0 @!@!@
Starting... (2020-04-16 19:59:15)
@!@!@ENDMSG 2185 @!@!@
@!@!@STARTMSG 2212:0 @!@!@
Implied-temporal checking--satisfiability problem has 1 branches.
@!@!@ENDMSG 2212 @!@!@
@!@!@STARTMSG 2189:0 @!@!@
Computing initial states...
@!@!@ENDMSG 2189 @!@!@
@!@!@STARTMSG 2190:0 @!@!@
Finished computing initial states: 2 distinct states generated at 2020-04-16 19:59:16.
@!@!@ENDMSG 2190 @!@!@
@!@!@STARTMSG 2200:0 @!@!@
Progress(16) at 2020-04-16 19:59:17: 6,332 states generated, 2,909 distinct states found, 0 states left on queue.
@!@!@ENDMSG 2200 @!@!@
@!@!@STARTMSG 2192:0 @!@!@
Checking temporal properties for the complete state space with 2909 total distinct states at (2020-04-16 19:59:17)
@!@!@ENDMSG 2192 @!@!@
@!@!@STARTMSG 2116:1 @!@!@
Temporal properties were violated.

@!@!@ENDMSG 2116 @!@!@
@!@!@STARTMSG 2264:1 @!@!@
The following behavior constitutes a counter-example:

@!@!@ENDMSG 2264 @!@!@
@!@!@STARTMSG 2217:4 @!@!@
1: <Initial predicate>
/\ confOK = FALSE
/\ reqCounter = 0
/\ toApply = 0
/\ cluster = [st |-> "idle", v |-> 0]
/\ requests = ( r1 :> [st |-> "waiting", v |-> NULL] @@
  r2 :> [st |-> "waiting", v |-> NULL] @@
  r3 :> [st |-> "waiting", v |-> NULL] )
/\ lastVOK = 0
/\ clusterUpdating = FALSE
/\ workers = (w1 :> [st |-> "waiting", v |-> NULL] @@ w2 :> [st |-> "waiting", v |-> NULL])

@!@!@ENDMSG 2217 @!@!@
@!@!@STARTMSG 2217:4 @!@!@
2: <Submit line 67, col 5 to line 70, col 80 of module UpdateCluster>
/\ confOK = FALSE
/\ reqCounter = 1
/\ toApply = 0
/\ cluster = [st |-> "idle", v |-> 0]
/\ requests = ( r1 :> [st |-> "waiting", v |-> NULL] @@
  r2 :> [st |-> "waiting", v |-> NULL] @@
  r3 :> [st |-> "submitted", v |-> 1] )
/\ lastVOK = 0
/\ clusterUpdating = FALSE
/\ workers = (w1 :> [st |-> "waiting", v |-> NULL] @@ w2 :> [st |-> "waiting", v |-> NULL])

@!@!@ENDMSG 2217 @!@!@
@!@!@STARTMSG 2217:4 @!@!@
3: <PushToPending line 74, col 5 to line 80, col 101 of module UpdateCluster>
/\ confOK = FALSE
/\ reqCounter = 1
/\ toApply = 1
/\ cluster = [st |-> "idle", v |-> 0]
/\ requests = ( r1 :> [st |-> "waiting", v |-> NULL] @@
  r2 :> [st |-> "waiting", v |-> NULL] @@
  r3 :> [st |-> "valid", v |-> 1] )
/\ lastVOK = 0
/\ clusterUpdating = FALSE
/\ workers = (w1 :> [st |-> "waiting", v |-> NULL] @@ w2 :> [st |-> "waiting", v |-> NULL])

@!@!@ENDMSG 2217 @!@!@
@!@!@STARTMSG 2217:4 @!@!@
4: <Submit line 67, col 5 to line 70, col 80 of module UpdateCluster>
/\ confOK = FALSE
/\ reqCounter = 2
/\ toApply = 1
/\ cluster = [st |-> "idle", v |-> 0]
/\ requests = ( r1 :> [st |-> "waiting", v |-> NULL] @@
  r2 :> [st |-> "submitted", v |-> 2] @@
  r3 :> [st |-> "valid", v |-> 1] )
/\ lastVOK = 0
/\ clusterUpdating = FALSE
/\ workers = (w1 :> [st |-> "waiting", v |-> NULL] @@ w2 :> [st |-> "waiting", v |-> NULL])

@!@!@ENDMSG 2217 @!@!@
@!@!@STARTMSG 2217:4 @!@!@
5: <Submit line 67, col 5 to line 70, col 80 of module UpdateCluster>
/\ confOK = FALSE
/\ reqCounter = 3
/\ toApply = 1
/\ cluster = [st |-> "idle", v |-> 0]
/\ requests = ( r1 :> [st |-> "submitted", v |-> 3] @@
  r2 :> [st |-> "submitted", v |-> 2] @@
  r3 :> [st |-> "valid", v |-> 1] )
/\ lastVOK = 0
/\ clusterUpdating = FALSE
/\ workers = (w1 :> [st |-> "waiting", v |-> NULL] @@ w2 :> [st |-> "waiting", v |-> NULL])

@!@!@ENDMSG 2217 @!@!@
@!@!@STARTMSG 2217:4 @!@!@
6: <PushToPending line 74, col 5 to line 80, col 101 of module UpdateCluster>
/\ confOK = FALSE
/\ reqCounter = 3
/\ toApply = 2
/\ cluster = [st |-> "idle", v |-> 0]
/\ requests = ( r1 :> [st |-> "submitted", v |-> 3] @@
  r2 :> [st |-> "valid", v |-> 2] @@
  r3 :> [st |-> "valid", v |-> 1] )
/\ lastVOK = 0
/\ clusterUpdating = FALSE
/\ workers = (w1 :> [st |-> "waiting", v |-> NULL] @@ w2 :> [st |-> "waiting", v |-> NULL])

@!@!@ENDMSG 2217 @!@!@
@!@!@STARTMSG 2217:4 @!@!@
7: <PushToPending line 74, col 5 to line 80, col 101 of module UpdateCluster>
/\ confOK = FALSE
/\ reqCounter = 3
/\ toApply = 3
/\ cluster = [st |-> "idle", v |-> 0]
/\ requests = ( r1 :> [st |-> "valid", v |-> 3] @@
  r2 :> [st |-> "valid", v |-> 2] @@
  r3 :> [st |-> "valid", v |-> 1] )
/\ lastVOK = 0
/\ clusterUpdating = FALSE
/\ workers = (w1 :> [st |-> "waiting", v |-> NULL] @@ w2 :> [st |-> "waiting", v |-> NULL])

@!@!@ENDMSG 2217 @!@!@
@!@!@STARTMSG 2217:4 @!@!@
8: <SpawnWorker line 84, col 5 to line 91, col 76 of module UpdateCluster>
/\ confOK = FALSE
/\ reqCounter = 3
/\ toApply = 3
/\ cluster = [st |-> "idle", v |-> 0]
/\ requests = ( r1 :> [st |-> "valid", v |-> 3] @@
  r2 :> [st |-> "valid", v |-> 2] @@
  r3 :> [st |-> "valid", v |-> 1] )
/\ lastVOK = 0
/\ clusterUpdating = TRUE
/\ workers = (w1 :> [st |-> "starting", v |-> 3] @@ w2 :> [st |-> "waiting", v |-> NULL])

@!@!@ENDMSG 2217 @!@!@
@!@!@STARTMSG 2122:4 @!@!@
7: Back to state: <ApplyStart line 96, col 5 to line 111, col 84 of module UpdateCluster>

@!@!@ENDMSG 2122 @!@!@
@!@!@STARTMSG 2267:0 @!@!@
Finished checking temporal properties in 00s at 2020-04-16 19:59:17
@!@!@ENDMSG 2267 @!@!@
@!@!@STARTMSG 2201:0 @!@!@
The coverage statistics at 2020-04-16 19:59:17
@!@!@ENDMSG 2201 @!@!@
@!@!@STARTMSG 2773:0 @!@!@
<Init line 50, col 1 to line 50, col 4 of module UpdateCluster>: 4:4
@!@!@ENDMSG 2773 @!@!@
@!@!@STARTMSG 2221:0 @!@!@
  line 51, col 8 to line 51, col 70 of module UpdateCluster: 2
@!@!@ENDMSG 2221 @!@!@
@!@!@STARTMSG 2221:0 @!@!@
  line 52, col 8 to line 52, col 68 of module UpdateCluster: 2
@!@!@ENDMSG 2221 @!@!@
@!@!@STARTMSG 2221:0 @!@!@
  line 53, col 8 to line 53, col 41 of module UpdateCluster: 2
@!@!@ENDMSG 2221 @!@!@
@!@!@STARTMSG 2221:0 @!@!@
  line 57, col 8 to line 57, col 25 of module UpdateCluster: 2
@!@!@ENDMSG 2221 @!@!@
@!@!@STARTMSG 2221:0 @!@!@
  line 58, col 8 to line 58, col 30 of module UpdateCluster: 4
@!@!@ENDMSG 2221 @!@!@
@!@!@STARTMSG 2772:0 @!@!@
<Submit line 65, col 1 to line 65, col 9 of module UpdateCluster (67 5 70 80)>: 72:644
@!@!@ENDMSG 2772 @!@!@
@!@!@STARTMSG 2221:0 @!@!@
  line 67, col 8 to line 67, col 33 of module UpdateCluster: 9389
@!@!@ENDMSG 2221 @!@!@
@!@!@STARTMSG 2221:0 @!@!@
  |line 67, col 8 to line 67, col 21 of module UpdateCluster: 8745
@!@!@ENDMSG 2221 @!@!@
@!@!@STARTMSG 2221:0 @!@!@
  line 68, col 8 to line 68, col 25 of module UpdateCluster: 644
@!@!@ENDMSG 2221 @!@!@
@!@!@STARTMSG 2221:0 @!@!@
  line 69, col 8 to line 69, col 73 of module UpdateCluster: 644
@!@!@ENDMSG 2221 @!@!@
@!@!@STARTMSG 2221:0 @!@!@
  line 70, col 8 to line 70, col 80 of module UpdateCluster: 644
@!@!@ENDMSG 2221 @!@!@
@!@!@STARTMSG 2772:0 @!@!@
<PushToPending line 73, col 1 to line 73, col 16 of module UpdateCluster>: 563:1798
@!@!@ENDMSG 2772 @!@!@
@!@!@STARTMSG 2221:0 @!@!@
  line 74, col 8 to line 74, col 35 of module UpdateCluster: 10540
@!@!@ENDMSG 2221 @!@!@
@!@!@STARTMSG 2221:0 @!@!@
  |line 74, col 8 to line 74, col 21 of module UpdateCluster: 8742
@!@!@ENDMSG 2221 @!@!@
@!@!@STARTMSG 2221:0 @!@!@
  line 75, col 11 to line 75, col 33 of module UpdateCluster: 1798
@!@!@ENDMSG 2221 @!@!@
@!@!@STARTMSG 2221:0 @!@!@
  line 76, col 17 to line 76, col 64 of module UpdateCluster: 478
@!@!@ENDMSG 2221 @!@!@
@!@!@STARTMSG 2221:0 @!@!@
  line 77, col 17 to line 77, col 40 of module UpdateCluster: 478
@!@!@ENDMSG 2221 @!@!@
@!@!@STARTMSG 2221:0 @!@!@
  line 78, col 17 to line 78, col 92 of module UpdateCluster: 478
@!@!@ENDMSG 2221 @!@!@
@!@!@STARTMSG 2221:0 @!@!@
  line 79, col 17 to line 79, col 66 of module UpdateCluster: 1320
@!@!@ENDMSG 2221 @!@!@
@!@!@STARTMSG 2221:0 @!@!@
  line 80, col 17 to line 80, col 101 of module UpdateCluster: 1320
@!@!@ENDMSG 2221 @!@!@
@!@!@STARTMSG 2772:0 @!@!@
<SpawnWorker line 83, col 1 to line 83, col 14 of module UpdateCluster>: 1012:1027
@!@!@ENDMSG 2772 @!@!@
@!@!@STARTMSG 2221:0 @!@!@
  line 84, col 8 to line 84, col 32 of module UpdateCluster: 6847
@!@!@ENDMSG 2221 @!@!@
@!@!@STARTMSG 2221:0 @!@!@
  |line 84, col 8 to line 84, col 20 of module UpdateCluster: 5820
@!@!@ENDMSG 2221 @!@!@
@!@!@STARTMSG 2221:0 @!@!@
  line 85, col 8 to line 85, col 25 of module UpdateCluster: 4788
@!@!@ENDMSG 2221 @!@!@
@!@!@STARTMSG 2221:0 @!@!@
  |line 85, col 8 to line 85, col 14 of module UpdateCluster: 3761
@!@!@ENDMSG 2221 @!@!@
@!@!@STARTMSG 2221:0 @!@!@
  |line 85, col 19 to line 85, col 25 of module UpdateCluster: 3761
@!@!@ENDMSG 2221 @!@!@
@!@!@STARTMSG 2221:0 @!@!@
  line 86, col 8 to line 86, col 30 of module UpdateCluster: 4112
@!@!@ENDMSG 2221 @!@!@
@!@!@STARTMSG 2221:0 @!@!@
  |line 86, col 8 to line 86, col 22 of module UpdateCluster: 3085
@!@!@ENDMSG 2221 @!@!@
@!@!@STARTMSG 2221:0 @!@!@
  |line 86, col 26 to line 86, col 30 of module UpdateCluster: 3085
@!@!@ENDMSG 2221 @!@!@
@!@!@STARTMSG 2221:0 @!@!@
  line 87, col 12 to line 87, col 30 of module UpdateCluster: 1544
@!@!@ENDMSG 2221 @!@!@
@!@!@STARTMSG 2221:0 @!@!@
  |line 87, col 12 to line 87, col 21 of module UpdateCluster: 1027
@!@!@ENDMSG 2221 @!@!@
@!@!@STARTMSG 2221:0 @!@!@
  line 88, col 12 to line 88, col 32 of module UpdateCluster: 1537
@!@!@ENDMSG 2221 @!@!@
@!@!@STARTMSG 2221:0 @!@!@
  |line 88, col 12 to line 88, col 21 of module UpdateCluster: 1027
@!@!@ENDMSG 2221 @!@!@
@!@!@STARTMSG 2221:0 @!@!@
  line 89, col 8 to line 89, col 73 of module UpdateCluster: 1027
@!@!@ENDMSG 2221 @!@!@
@!@!@STARTMSG 2221:0 @!@!@
  line 90, col 8 to line 90, col 30 of module UpdateCluster: 1027
@!@!@ENDMSG 2221 @!@!@
@!@!@STARTMSG 2221:0 @!@!@
  line 91, col 8 to line 91, col 76 of module UpdateCluster: 1027
@!@!@ENDMSG 2221 @!@!@
@!@!@STARTMSG 2772:0 @!@!@
<ApplyStart line 95, col 1 to line 95, col 13 of module UpdateCluster>: 703:1243
@!@!@ENDMSG 2772 @!@!@
@!@!@STARTMSG 2221:0 @!@!@
  line 96, col 8 to line 96, col 33 of module UpdateCluster: 7062
@!@!@ENDMSG 2221 @!@!@
@!@!@STARTMSG 2221:0 @!@!@
  |line 96, col 8 to line 96, col 20 of module UpdateCluster: 5819
@!@!@ENDMSG 2221 @!@!@
@!@!@STARTMSG 2221:0 @!@!@
  line 97, col 11 to line 97, col 33 of module UpdateCluster: 1243
@!@!@ENDMSG 2221 @!@!@
@!@!@STARTMSG 2221:0 @!@!@
  line 99, col 16 to line 99, col 21 of module UpdateCluster: 1027
@!@!@ENDMSG 2221 @!@!@
@!@!@STARTMSG 2221:0 @!@!@
  line 101, col 24 to line 101, col 72 of module UpdateCluster: 816
@!@!@ENDMSG 2221 @!@!@
@!@!@STARTMSG 2221:0 @!@!@
  line 102, col 24 to line 102, col 70 of module UpdateCluster: 816
@!@!@ENDMSG 2221 @!@!@
@!@!@STARTMSG 2221:0 @!@!@
  line 103, col 24 to line 103, col 100 of module UpdateCluster: 816
@!@!@ENDMSG 2221 @!@!@
@!@!@STARTMSG 2221:0 @!@!@
  line 105, col 24 to line 105, col 47 of module UpdateCluster: 211
@!@!@ENDMSG 2221 @!@!@
@!@!@STARTMSG 2221:0 @!@!@
  line 106, col 24 to line 106, col 85 of module UpdateCluster: 211
@!@!@ENDMSG 2221 @!@!@
@!@!@STARTMSG 2221:0 @!@!@
  line 107, col 24 to line 107, col 92 of module UpdateCluster: 211
@!@!@ENDMSG 2221 @!@!@
@!@!@STARTMSG 2221:0 @!@!@
  line 109, col 16 to line 109, col 77 of module UpdateCluster: 216
@!@!@ENDMSG 2221 @!@!@
@!@!@STARTMSG 2221:0 @!@!@
  line 110, col 16 to line 110, col 39 of module UpdateCluster: 216
@!@!@ENDMSG 2221 @!@!@
@!@!@STARTMSG 2221:0 @!@!@
  line 111, col 16 to line 111, col 84 of module UpdateCluster: 216
@!@!@ENDMSG 2221 @!@!@
@!@!@STARTMSG 2772:0 @!@!@
<ApplyFinish line 118, col 1 to line 118, col 14 of module UpdateCluster>: 557:1632
@!@!@ENDMSG 2772 @!@!@
@!@!@STARTMSG 2221:0 @!@!@
  line 119, col 8 to line 119, col 32 of module UpdateCluster: 6634
@!@!@ENDMSG 2221 @!@!@
@!@!@STARTMSG 2221:0 @!@!@
  |line 119, col 8 to line 119, col 20 of module UpdateCluster: 5818
@!@!@ENDMSG 2221 @!@!@
@!@!@STARTMSG 2221:0 @!@!@
  line 120, col 8 to line 120, col 31 of module UpdateCluster: 816
@!@!@ENDMSG 2221 @!@!@
@!@!@STARTMSG 2221:0 @!@!@
  line 122, col 12 to line 122, col 47 of module UpdateCluster: 1632
@!@!@ENDMSG 2221 @!@!@
@!@!@STARTMSG 2221:0 @!@!@
  |line 122, col 12 to line 122, col 13 of module UpdateCluster: 1632
@!@!@ENDMSG 2221 @!@!@
@!@!@STARTMSG 2221:0 @!@!@
  |line 122, col 18 to line 122, col 47 of module UpdateCluster: 816
@!@!@ENDMSG 2221 @!@!@
@!@!@STARTMSG 2221:0 @!@!@
  line 124, col 20 to line 124, col 61 of module UpdateCluster: 1218
@!@!@ENDMSG 2221 @!@!@
@!@!@STARTMSG 2221:0 @!@!@
  line 125, col 20 to line 125, col 42 of module UpdateCluster: 1218
@!@!@ENDMSG 2221 @!@!@
@!@!@STARTMSG 2221:0 @!@!@
  line 126, col 20 to line 126, col 81 of module UpdateCluster: 1218
@!@!@ENDMSG 2221 @!@!@
@!@!@STARTMSG 2221:0 @!@!@
  line 127, col 20 to line 127, col 70 of module UpdateCluster: 1218
@!@!@ENDMSG 2221 @!@!@
@!@!@STARTMSG 2221:0 @!@!@
  line 129, col 20 to line 129, col 63 of module UpdateCluster: 414
@!@!@ENDMSG 2221 @!@!@
@!@!@STARTMSG 2221:0 @!@!@
  line 130, col 20 to line 130, col 81 of module UpdateCluster: 414
@!@!@ENDMSG 2221 @!@!@
@!@!@STARTMSG 2221:0 @!@!@
  line 131, col 23 to line 131, col 44 of module UpdateCluster: 414
@!@!@ENDMSG 2221 @!@!@
@!@!@STARTMSG 2221:0 @!@!@
  line 133, col 28 to line 133, col 87 of module UpdateCluster: 108
@!@!@ENDMSG 2221 @!@!@
@!@!@STARTMSG 2221:0 @!@!@
  line 135, col 28 to line 135, col 53 of module UpdateCluster: 306
@!@!@ENDMSG 2221 @!@!@
@!@!@STARTMSG 2221:0 @!@!@
  line 136, col 28 to line 136, col 78 of module UpdateCluster: 306
@!@!@ENDMSG 2221 @!@!@
@!@!@STARTMSG 2221:0 @!@!@
  line 121, col 18 to line 121, col 24 of module UpdateCluster: 816
@!@!@ENDMSG 2221 @!@!@
@!@!@STARTMSG 2774:0 @!@!@
<TypeInvariants line 24, col 1 to line 24, col 14 of module UpdateCluster>
@!@!@ENDMSG 2774 @!@!@
@!@!@STARTMSG 2221:0 @!@!@
  line 25, col 5 to line 43, col 9 of module UpdateCluster: 2909
@!@!@ENDMSG 2221 @!@!@
@!@!@STARTMSG 2221:0 @!@!@
  |line 25, col 8 to line 25, col 25 of module UpdateCluster: 2909
@!@!@ENDMSG 2221 @!@!@
@!@!@STARTMSG 2221:0 @!@!@
  |line 26, col 8 to line 26, col 34 of module UpdateCluster: 2909
@!@!@ENDMSG 2221 @!@!@
@!@!@STARTMSG 2221:0 @!@!@
  |line 27, col 8 to line 32, col 9 of module UpdateCluster: 2909
@!@!@ENDMSG 2221 @!@!@
@!@!@STARTMSG 2221:0 @!@!@
  |line 33, col 8 to line 38, col 9 of module UpdateCluster: 2909
@!@!@ENDMSG 2221 @!@!@
@!@!@STARTMSG 2221:0 @!@!@
  ||line 33, col 29 to line 38, col 9 of module UpdateCluster: 8727
@!@!@ENDMSG 2221 @!@!@
@!@!@STARTMSG 2221:0 @!@!@
  ||line 33, col 17 to line 33, col 25 of module UpdateCluster: 2909
@!@!@ENDMSG 2221 @!@!@
@!@!@STARTMSG 2221:0 @!@!@
  |line 39, col 8 to line 43, col 9 of module UpdateCluster: 2909
@!@!@ENDMSG 2221 @!@!@
@!@!@STARTMSG 2221:0 @!@!@
  ||line 39, col 28 to line 43, col 9 of module UpdateCluster: 5818
@!@!@ENDMSG 2221 @!@!@
@!@!@STARTMSG 2221:0 @!@!@
  ||line 39, col 17 to line 39, col 24 of module UpdateCluster: 2909
@!@!@ENDMSG 2221 @!@!@
@!@!@STARTMSG 2774:0 @!@!@
<Action line 144, col 8 to line 144, col 75 of module UpdateCluster>
@!@!@ENDMSG 2774 @!@!@
@!@!@STARTMSG 2221:0 @!@!@
  line 144, col 8 to line 144, col 75 of module UpdateCluster: 2909
@!@!@ENDMSG 2221 @!@!@
@!@!@STARTMSG 2221:0 @!@!@
  |line 144, col 8 to line 144, col 71 of module UpdateCluster: 2909
@!@!@ENDMSG 2221 @!@!@
@!@!@STARTMSG 2221:0 @!@!@
  ||line 144, col 20 to line 144, col 70 of module UpdateCluster: 2909
@!@!@ENDMSG 2221 @!@!@
@!@!@STARTMSG 2221:0 @!@!@
  |||line 144, col 44 to line 144, col 69 of module UpdateCluster: 8727
@!@!@ENDMSG 2221 @!@!@
@!@!@STARTMSG 2221:0 @!@!@
  |||line 144, col 27 to line 144, col 41 of module UpdateCluster: 2909
@!@!@ENDMSG 2221 @!@!@
@!@!@STARTMSG 2202:0 @!@!@
End of statistics.
@!@!@ENDMSG 2202 @!@!@
@!@!@STARTMSG 2200:0 @!@!@
Progress(16) at 2020-04-16 19:59:17: 6,332 states generated (187,152 s/min), 2,909 distinct states found (85,980 ds/min), 0 states left on queue.
@!@!@ENDMSG 2200 @!@!@
@!@!@STARTMSG 2199:0 @!@!@
6332 states generated, 2909 distinct states found, 0 states left on queue.
@!@!@ENDMSG 2199 @!@!@
@!@!@STARTMSG 2186:0 @!@!@
Finished in 2031ms at (2020-04-16 19:59:17)
@!@!@ENDMSG 2186 @!@!@
