@!@!@STARTMSG 2262:0 @!@!@
TLC2 Version 2.14 of 10 July 2019
@!@!@ENDMSG 2262 @!@!@
@!@!@STARTMSG 2187:0 @!@!@
Running breadth-first search Model-Checking with fp 20 and seed 2707061795750409707 with 6 workers on 8 cores with 2336MB heap and 5254MB offheap memory [pid: 153831] (Linux 5.5.13-200.fc31.x86_64 amd64, AdoptOpenJDK 11.0.3 x86_64, OffHeapDiskFPSet, DiskStateQueue).
@!@!@ENDMSG 2187 @!@!@
@!@!@STARTMSG 2220:0 @!@!@
Starting SANY...
@!@!@ENDMSG 2220 @!@!@
Parsing file /home/matth/projects/tlaplus/infra/UpdateCluster_1.toolbox/Model_1/MC.tla
Parsing file /home/matth/projects/tlaplus/infra/UpdateCluster_1.toolbox/Model_1/UpdateCluster.tla
Parsing file /home/matth/bin/tlatoolbox/plugins/org.lamport.tlatools_1.0.0.201907102009/tla2sany/StandardModules/TLC.tla
Parsing file /home/matth/bin/tlatoolbox/plugins/org.lamport.tlatools_1.0.0.201907102009/tla2sany/StandardModules/Integers.tla
Parsing file /home/matth/bin/tlatoolbox/plugins/org.lamport.tlatools_1.0.0.201907102009/tla2sany/StandardModules/FiniteSets.tla
Parsing file /home/matth/bin/tlatoolbox/plugins/org.lamport.tlatools_1.0.0.201907102009/tla2sany/StandardModules/Naturals.tla
Parsing file /home/matth/bin/tlatoolbox/plugins/org.lamport.tlatools_1.0.0.201907102009/tla2sany/StandardModules/Sequences.tla
Semantic processing of module Naturals
Semantic processing of module Integers
Semantic processing of module Sequences
Semantic processing of module FiniteSets
Semantic processing of module UpdateCluster
Semantic processing of module TLC
Semantic processing of module MC
@!@!@STARTMSG 2219:0 @!@!@
SANY finished.
@!@!@ENDMSG 2219 @!@!@
@!@!@STARTMSG 2185:0 @!@!@
Starting... (2020-04-16 19:07:52)
@!@!@ENDMSG 2185 @!@!@
@!@!@STARTMSG 2212:0 @!@!@
Implied-temporal checking--satisfiability problem has 1 branches.
@!@!@ENDMSG 2212 @!@!@
@!@!@STARTMSG 2189:0 @!@!@
Computing initial states...
@!@!@ENDMSG 2189 @!@!@
@!@!@STARTMSG 2190:0 @!@!@
Finished computing initial states: 2 distinct states generated at 2020-04-16 19:07:53.
@!@!@ENDMSG 2190 @!@!@
@!@!@STARTMSG 2200:0 @!@!@
Progress(21) at 2020-04-16 19:07:55: 48,245 states generated, 14,018 distinct states found, 0 states left on queue.
@!@!@ENDMSG 2200 @!@!@
@!@!@STARTMSG 2192:0 @!@!@
Checking temporal properties for the complete state space with 14018 total distinct states at (2020-04-16 19:07:55)
@!@!@ENDMSG 2192 @!@!@
@!@!@STARTMSG 2116:1 @!@!@
Temporal properties were violated.

@!@!@ENDMSG 2116 @!@!@
@!@!@STARTMSG 2264:1 @!@!@
The following behavior constitutes a counter-example:

@!@!@ENDMSG 2264 @!@!@
@!@!@STARTMSG 2217:4 @!@!@
1: <Initial predicate>
/\ confOK = TRUE
/\ lock = FALSE
/\ toApply = 0
/\ cluster = [st |-> "idle", v |-> 0]
/\ lastVSubmitted = 0
/\ requests = ( r1 :> [st |-> "waiting", v |-> NULL] @@
  r2 :> [st |-> "waiting", v |-> NULL] @@
  r3 :> [st |-> "waiting", v |-> NULL] )
/\ lastVOK = 0
/\ workers = (w1 :> [st |-> "waiting", v |-> NULL] @@ w2 :> [st |-> "waiting", v |-> NULL])

@!@!@ENDMSG 2217 @!@!@
@!@!@STARTMSG 2217:4 @!@!@
2: <Submit line 72, col 5 to line 75, col 69 of module UpdateCluster>
/\ confOK = TRUE
/\ lock = FALSE
/\ toApply = 0
/\ cluster = [st |-> "idle", v |-> 0]
/\ lastVSubmitted = 1
/\ requests = ( r1 :> [st |-> "submitted", v |-> 1] @@
  r2 :> [st |-> "waiting", v |-> NULL] @@
  r3 :> [st |-> "waiting", v |-> NULL] )
/\ lastVOK = 0
/\ workers = (w1 :> [st |-> "waiting", v |-> NULL] @@ w2 :> [st |-> "waiting", v |-> NULL])

@!@!@ENDMSG 2217 @!@!@
@!@!@STARTMSG 2217:4 @!@!@
3: <Initialcheck line 79, col 5 to line 86, col 85 of module UpdateCluster>
/\ confOK = TRUE
/\ lock = FALSE
/\ toApply = 0
/\ cluster = [st |-> "idle", v |-> 0]
/\ lastVSubmitted = 1
/\ requests = ( r1 :> [st |-> "rejected", v |-> 1] @@
  r2 :> [st |-> "waiting", v |-> NULL] @@
  r3 :> [st |-> "waiting", v |-> NULL] )
/\ lastVOK = 0
/\ workers = (w1 :> [st |-> "waiting", v |-> NULL] @@ w2 :> [st |-> "waiting", v |-> NULL])

@!@!@ENDMSG 2217 @!@!@
@!@!@STARTMSG 2217:4 @!@!@
4: <Submit line 72, col 5 to line 75, col 69 of module UpdateCluster>
/\ confOK = TRUE
/\ lock = FALSE
/\ toApply = 0
/\ cluster = [st |-> "idle", v |-> 0]
/\ lastVSubmitted = 2
/\ requests = ( r1 :> [st |-> "rejected", v |-> 1] @@
  r2 :> [st |-> "waiting", v |-> NULL] @@
  r3 :> [st |-> "submitted", v |-> 2] )
/\ lastVOK = 0
/\ workers = (w1 :> [st |-> "waiting", v |-> NULL] @@ w2 :> [st |-> "waiting", v |-> NULL])

@!@!@ENDMSG 2217 @!@!@
@!@!@STARTMSG 2217:4 @!@!@
5: <Initialcheck line 79, col 5 to line 86, col 85 of module UpdateCluster>
/\ confOK = TRUE
/\ lock = FALSE
/\ toApply = 0
/\ cluster = [st |-> "idle", v |-> 0]
/\ lastVSubmitted = 2
/\ requests = ( r1 :> [st |-> "rejected", v |-> 1] @@
  r2 :> [st |-> "waiting", v |-> NULL] @@
  r3 :> [st |-> "valid", v |-> 2] )
/\ lastVOK = 0
/\ workers = (w1 :> [st |-> "waiting", v |-> NULL] @@ w2 :> [st |-> "waiting", v |-> NULL])

@!@!@ENDMSG 2217 @!@!@
@!@!@STARTMSG 2217:4 @!@!@
6: <PushToPending line 90, col 5 to line 95, col 94 of module UpdateCluster>
/\ confOK = TRUE
/\ lock = FALSE
/\ toApply = 2
/\ cluster = [st |-> "idle", v |-> 0]
/\ lastVSubmitted = 2
/\ requests = ( r1 :> [st |-> "rejected", v |-> 1] @@
  r2 :> [st |-> "waiting", v |-> NULL] @@
  r3 :> [st |-> "valid", v |-> 2] )
/\ lastVOK = 0
/\ workers = (w1 :> [st |-> "waiting", v |-> NULL] @@ w2 :> [st |-> "waiting", v |-> NULL])

@!@!@ENDMSG 2217 @!@!@
@!@!@STARTMSG 2217:4 @!@!@
7: <SpawnWorker line 99, col 5 to line 106, col 80 of module UpdateCluster>
/\ confOK = TRUE
/\ lock = TRUE
/\ toApply = 2
/\ cluster = [st |-> "idle", v |-> 0]
/\ lastVSubmitted = 2
/\ requests = ( r1 :> [st |-> "rejected", v |-> 1] @@
  r2 :> [st |-> "waiting", v |-> NULL] @@
  r3 :> [st |-> "valid", v |-> 2] )
/\ lastVOK = 0
/\ workers = (w1 :> [st |-> "waiting", v |-> NULL] @@ w2 :> [st |-> "starting", v |-> 2])

@!@!@ENDMSG 2217 @!@!@
@!@!@STARTMSG 2217:4 @!@!@
8: <ApplyStart line 111, col 5 to line 125, col 94 of module UpdateCluster>
/\ confOK = TRUE
/\ lock = TRUE
/\ toApply = 2
/\ cluster = [st |-> "partial", v |-> 2]
/\ lastVSubmitted = 2
/\ requests = ( r1 :> [st |-> "rejected", v |-> 1] @@
  r2 :> [st |-> "waiting", v |-> NULL] @@
  r3 :> [st |-> "valid", v |-> 2] )
/\ lastVOK = 0
/\ workers = (w1 :> [st |-> "waiting", v |-> NULL] @@ w2 :> [st |-> "working", v |-> 2])

@!@!@ENDMSG 2217 @!@!@
@!@!@STARTMSG 2217:4 @!@!@
9: <Submit line 72, col 5 to line 75, col 69 of module UpdateCluster>
/\ confOK = TRUE
/\ lock = TRUE
/\ toApply = 2
/\ cluster = [st |-> "partial", v |-> 2]
/\ lastVSubmitted = 3
/\ requests = ( r1 :> [st |-> "rejected", v |-> 1] @@
  r2 :> [st |-> "submitted", v |-> 3] @@
  r3 :> [st |-> "valid", v |-> 2] )
/\ lastVOK = 0
/\ workers = (w1 :> [st |-> "waiting", v |-> NULL] @@ w2 :> [st |-> "working", v |-> 2])

@!@!@ENDMSG 2217 @!@!@
@!@!@STARTMSG 2217:4 @!@!@
10: <PushToPending line 90, col 5 to line 95, col 94 of module UpdateCluster>
/\ confOK = TRUE
/\ lock = TRUE
/\ toApply = 2
/\ cluster = [st |-> "partial", v |-> 2]
/\ lastVSubmitted = 3
/\ requests = ( r1 :> [st |-> "rejected", v |-> 1] @@
  r2 :> [st |-> "submitted", v |-> 3] @@
  r3 :> [st |-> "rejected", v |-> 2] )
/\ lastVOK = 0
/\ workers = (w1 :> [st |-> "waiting", v |-> NULL] @@ w2 :> [st |-> "working", v |-> 2])

@!@!@ENDMSG 2217 @!@!@
@!@!@STARTMSG 2217:4 @!@!@
11: <ApplyFinish line 129, col 5 to line 146, col 82 of module UpdateCluster>
/\ confOK = TRUE
/\ lock = FALSE
/\ toApply = 2
/\ cluster = [st |-> "failed", v |-> 2]
/\ lastVSubmitted = 3
/\ requests = ( r1 :> [st |-> "rejected", v |-> 1] @@
  r2 :> [st |-> "submitted", v |-> 3] @@
  r3 :> [st |-> "rejected", v |-> 2] )
/\ lastVOK = 0
/\ workers = (w1 :> [st |-> "waiting", v |-> NULL] @@ w2 :> [st |-> "waiting", v |-> NULL])

@!@!@ENDMSG 2217 @!@!@
@!@!@STARTMSG 2217:4 @!@!@
12: <SpawnWorker line 99, col 5 to line 106, col 80 of module UpdateCluster>
/\ confOK = TRUE
/\ lock = TRUE
/\ toApply = 2
/\ cluster = [st |-> "failed", v |-> 2]
/\ lastVSubmitted = 3
/\ requests = ( r1 :> [st |-> "rejected", v |-> 1] @@
  r2 :> [st |-> "submitted", v |-> 3] @@
  r3 :> [st |-> "rejected", v |-> 2] )
/\ lastVOK = 0
/\ workers = (w1 :> [st |-> "starting", v |-> 2] @@ w2 :> [st |-> "waiting", v |-> NULL])

@!@!@ENDMSG 2217 @!@!@
@!@!@STARTMSG 2217:4 @!@!@
13: <Initialcheck line 79, col 5 to line 86, col 85 of module UpdateCluster>
/\ confOK = TRUE
/\ lock = TRUE
/\ toApply = 2
/\ cluster = [st |-> "failed", v |-> 2]
/\ lastVSubmitted = 3
/\ requests = ( r1 :> [st |-> "rejected", v |-> 1] @@
  r2 :> [st |-> "valid", v |-> 3] @@
  r3 :> [st |-> "rejected", v |-> 2] )
/\ lastVOK = 0
/\ workers = (w1 :> [st |-> "starting", v |-> 2] @@ w2 :> [st |-> "waiting", v |-> NULL])

@!@!@ENDMSG 2217 @!@!@
@!@!@STARTMSG 2217:4 @!@!@
14: <ApplyStart line 111, col 5 to line 125, col 94 of module UpdateCluster>
/\ confOK = TRUE
/\ lock = TRUE
/\ toApply = 2
/\ cluster = [st |-> "failed", v |-> 2]
/\ lastVSubmitted = 3
/\ requests = ( r1 :> [st |-> "rejected", v |-> 1] @@
  r2 :> [st |-> "valid", v |-> 3] @@
  r3 :> [st |-> "rejected", v |-> 2] )
/\ lastVOK = 0
/\ workers = (w1 :> [st |-> "waiting", v |-> NULL] @@ w2 :> [st |-> "waiting", v |-> NULL])

@!@!@ENDMSG 2217 @!@!@
@!@!@STARTMSG 2217:4 @!@!@
15: <PushToPending line 90, col 5 to line 95, col 94 of module UpdateCluster>
/\ confOK = TRUE
/\ lock = TRUE
/\ toApply = 3
/\ cluster = [st |-> "failed", v |-> 2]
/\ lastVSubmitted = 3
/\ requests = ( r1 :> [st |-> "rejected", v |-> 1] @@
  r2 :> [st |-> "valid", v |-> 3] @@
  r3 :> [st |-> "rejected", v |-> 2] )
/\ lastVOK = 0
/\ workers = (w1 :> [st |-> "waiting", v |-> NULL] @@ w2 :> [st |-> "waiting", v |-> NULL])

@!@!@ENDMSG 2217 @!@!@
@!@!@STARTMSG 2217:4 @!@!@
16: <PushToPending line 90, col 5 to line 95, col 94 of module UpdateCluster>
/\ confOK = TRUE
/\ lock = TRUE
/\ toApply = 3
/\ cluster = [st |-> "failed", v |-> 2]
/\ lastVSubmitted = 3
/\ requests = ( r1 :> [st |-> "rejected", v |-> 1] @@
  r2 :> [st |-> "rejected", v |-> 3] @@
  r3 :> [st |-> "rejected", v |-> 2] )
/\ lastVOK = 0
/\ workers = (w1 :> [st |-> "waiting", v |-> NULL] @@ w2 :> [st |-> "waiting", v |-> NULL])

@!@!@ENDMSG 2217 @!@!@
@!@!@STARTMSG 2218:4 @!@!@
17: Stuttering
@!@!@ENDMSG 2218 @!@!@
@!@!@STARTMSG 2267:0 @!@!@
Finished checking temporal properties in 00s at 2020-04-16 19:07:55
@!@!@ENDMSG 2267 @!@!@
@!@!@STARTMSG 2201:0 @!@!@
The coverage statistics at 2020-04-16 19:07:55
@!@!@ENDMSG 2201 @!@!@
@!@!@STARTMSG 2773:0 @!@!@
<Init line 55, col 1 to line 55, col 4 of module UpdateCluster>: 4:4
@!@!@ENDMSG 2773 @!@!@
@!@!@STARTMSG 2221:0 @!@!@
  line 56, col 8 to line 56, col 70 of module UpdateCluster: 2
@!@!@ENDMSG 2221 @!@!@
@!@!@STARTMSG 2221:0 @!@!@
  line 57, col 8 to line 57, col 68 of module UpdateCluster: 2
@!@!@ENDMSG 2221 @!@!@
@!@!@STARTMSG 2221:0 @!@!@
  line 58, col 8 to line 58, col 41 of module UpdateCluster: 2
@!@!@ENDMSG 2221 @!@!@
@!@!@STARTMSG 2221:0 @!@!@
  line 62, col 8 to line 62, col 25 of module UpdateCluster: 2
@!@!@ENDMSG 2221 @!@!@
@!@!@STARTMSG 2221:0 @!@!@
  line 63, col 8 to line 63, col 19 of module UpdateCluster: 4
@!@!@ENDMSG 2221 @!@!@
@!@!@STARTMSG 2772:0 @!@!@
<Submit line 70, col 1 to line 70, col 9 of module UpdateCluster (72 5 75 69)>: 530:2162
@!@!@ENDMSG 2772 @!@!@
@!@!@STARTMSG 2221:0 @!@!@
  line 72, col 8 to line 72, col 33 of module UpdateCluster: 44253
@!@!@ENDMSG 2221 @!@!@
@!@!@STARTMSG 2221:0 @!@!@
  |line 72, col 8 to line 72, col 21 of module UpdateCluster: 42091
@!@!@ENDMSG 2221 @!@!@
@!@!@STARTMSG 2221:0 @!@!@
  line 73, col 8 to line 73, col 29 of module UpdateCluster: 2162
@!@!@ENDMSG 2221 @!@!@
@!@!@STARTMSG 2221:0 @!@!@
  line 74, col 8 to line 74, col 73 of module UpdateCluster: 2162
@!@!@ENDMSG 2221 @!@!@
@!@!@STARTMSG 2221:0 @!@!@
  line 75, col 8 to line 75, col 69 of module UpdateCluster: 2162
@!@!@ENDMSG 2221 @!@!@
@!@!@STARTMSG 2772:0 @!@!@
<Initialcheck line 78, col 1 to line 78, col 15 of module UpdateCluster>: 1599:13200
@!@!@ENDMSG 2772 @!@!@
@!@!@STARTMSG 2221:0 @!@!@
  line 79, col 8 to line 79, col 35 of module UpdateCluster: 48688
@!@!@ENDMSG 2221 @!@!@
@!@!@STARTMSG 2221:0 @!@!@
  |line 79, col 8 to line 79, col 21 of module UpdateCluster: 42088
@!@!@ENDMSG 2221 @!@!@
@!@!@STARTMSG 2221:0 @!@!@
  line 81, col 12 to line 81, col 13 of module UpdateCluster: 13200
@!@!@ENDMSG 2221 @!@!@
@!@!@STARTMSG 2221:0 @!@!@
  line 83, col 17 to line 83, col 64 of module UpdateCluster: 6600
@!@!@ENDMSG 2221 @!@!@
@!@!@STARTMSG 2221:0 @!@!@
  line 85, col 17 to line 85, col 67 of module UpdateCluster: 6600
@!@!@ENDMSG 2221 @!@!@
@!@!@STARTMSG 2221:0 @!@!@
  line 80, col 18 to line 80, col 24 of module UpdateCluster: 6600
@!@!@ENDMSG 2221 @!@!@
@!@!@STARTMSG 2221:0 @!@!@
  line 86, col 8 to line 86, col 85 of module UpdateCluster: 13200
@!@!@ENDMSG 2221 @!@!@
@!@!@STARTMSG 2772:0 @!@!@
<PushToPending line 89, col 1 to line 89, col 16 of module UpdateCluster>: 2694:16660
@!@!@ENDMSG 2772 @!@!@
@!@!@STARTMSG 2221:0 @!@!@
  line 90, col 8 to line 90, col 31 of module UpdateCluster: 58745
@!@!@ENDMSG 2221 @!@!@
@!@!@STARTMSG 2221:0 @!@!@
  |line 90, col 8 to line 90, col 21 of module UpdateCluster: 42085
@!@!@ENDMSG 2221 @!@!@
@!@!@STARTMSG 2221:0 @!@!@
  line 91, col 11 to line 91, col 33 of module UpdateCluster: 16660
@!@!@ENDMSG 2221 @!@!@
@!@!@STARTMSG 2221:0 @!@!@
  line 92, col 17 to line 92, col 40 of module UpdateCluster: 2733
@!@!@ENDMSG 2221 @!@!@
@!@!@STARTMSG 2221:0 @!@!@
  line 93, col 17 to line 93, col 95 of module UpdateCluster: 2733
@!@!@ENDMSG 2221 @!@!@
@!@!@STARTMSG 2221:0 @!@!@
  line 94, col 17 to line 94, col 66 of module UpdateCluster: 13927
@!@!@ENDMSG 2221 @!@!@
@!@!@STARTMSG 2221:0 @!@!@
  line 95, col 17 to line 95, col 94 of module UpdateCluster: 13927
@!@!@ENDMSG 2221 @!@!@
@!@!@STARTMSG 2772:0 @!@!@
<SpawnWorker line 98, col 1 to line 98, col 14 of module UpdateCluster>: 4507:4599
@!@!@ENDMSG 2772 @!@!@
@!@!@STARTMSG 2221:0 @!@!@
  line 99, col 8 to line 99, col 32 of module UpdateCluster: 32643
@!@!@ENDMSG 2221 @!@!@
@!@!@STARTMSG 2221:0 @!@!@
  |line 99, col 8 to line 99, col 20 of module UpdateCluster: 28044
@!@!@ENDMSG 2221 @!@!@
@!@!@STARTMSG 2221:0 @!@!@
  line 100, col 8 to line 100, col 19 of module UpdateCluster: 23652
@!@!@ENDMSG 2221 @!@!@
@!@!@STARTMSG 2221:0 @!@!@
  |line 100, col 8 to line 100, col 11 of module UpdateCluster: 19053
@!@!@ENDMSG 2221 @!@!@
@!@!@STARTMSG 2221:0 @!@!@
  |line 100, col 15 to line 100, col 19 of module UpdateCluster: 19053
@!@!@ENDMSG 2221 @!@!@
@!@!@STARTMSG 2221:0 @!@!@
  line 101, col 8 to line 101, col 25 of module UpdateCluster: 11710
@!@!@ENDMSG 2221 @!@!@
@!@!@STARTMSG 2221:0 @!@!@
  |line 101, col 8 to line 101, col 14 of module UpdateCluster: 7111
@!@!@ENDMSG 2221 @!@!@
@!@!@STARTMSG 2221:0 @!@!@
  |line 101, col 19 to line 101, col 25 of module UpdateCluster: 7111
@!@!@ENDMSG 2221 @!@!@
@!@!@STARTMSG 2221:0 @!@!@
  line 102, col 12 to line 102, col 30 of module UpdateCluster: 6689
@!@!@ENDMSG 2221 @!@!@
@!@!@STARTMSG 2221:0 @!@!@
  |line 102, col 12 to line 102, col 21 of module UpdateCluster: 4599
@!@!@ENDMSG 2221 @!@!@
@!@!@STARTMSG 2221:0 @!@!@
  line 103, col 12 to line 103, col 32 of module UpdateCluster: 7108
@!@!@ENDMSG 2221 @!@!@
@!@!@STARTMSG 2221:0 @!@!@
  |line 103, col 12 to line 103, col 21 of module UpdateCluster: 4599
@!@!@ENDMSG 2221 @!@!@
@!@!@STARTMSG 2221:0 @!@!@
  line 104, col 8 to line 104, col 73 of module UpdateCluster: 4599
@!@!@ENDMSG 2221 @!@!@
@!@!@STARTMSG 2221:0 @!@!@
  line 105, col 8 to line 105, col 19 of module UpdateCluster: 4599
@!@!@ENDMSG 2221 @!@!@
@!@!@STARTMSG 2221:0 @!@!@
  line 106, col 8 to line 106, col 80 of module UpdateCluster: 4599
@!@!@ENDMSG 2221 @!@!@
@!@!@STARTMSG 2772:0 @!@!@
<ApplyStart line 110, col 1 to line 110, col 13 of module UpdateCluster>: 2828:6326
@!@!@ENDMSG 2772 @!@!@
@!@!@STARTMSG 2221:0 @!@!@
  line 111, col 8 to line 111, col 33 of module UpdateCluster: 34368
@!@!@ENDMSG 2221 @!@!@
@!@!@STARTMSG 2221:0 @!@!@
  |line 111, col 8 to line 111, col 20 of module UpdateCluster: 28042
@!@!@ENDMSG 2221 @!@!@
@!@!@STARTMSG 2221:0 @!@!@
  line 112, col 11 to line 112, col 40 of module UpdateCluster: 6326
@!@!@ENDMSG 2221 @!@!@
@!@!@STARTMSG 2221:0 @!@!@
  line 114, col 16 to line 114, col 21 of module UpdateCluster: 2653
@!@!@ENDMSG 2221 @!@!@
@!@!@STARTMSG 2221:0 @!@!@
  line 116, col 24 to line 116, col 72 of module UpdateCluster: 2353
@!@!@ENDMSG 2221 @!@!@
@!@!@STARTMSG 2221:0 @!@!@
  line 117, col 24 to line 117, col 70 of module UpdateCluster: 2353
@!@!@ENDMSG 2221 @!@!@
@!@!@STARTMSG 2221:0 @!@!@
  line 118, col 24 to line 118, col 93 of module UpdateCluster: 2353
@!@!@ENDMSG 2221 @!@!@
@!@!@STARTMSG 2221:0 @!@!@
  line 120, col 24 to line 120, col 36 of module UpdateCluster: 300
@!@!@ENDMSG 2221 @!@!@
@!@!@STARTMSG 2221:0 @!@!@
  line 121, col 24 to line 121, col 85 of module UpdateCluster: 300
@!@!@ENDMSG 2221 @!@!@
@!@!@STARTMSG 2221:0 @!@!@
  line 122, col 24 to line 122, col 96 of module UpdateCluster: 300
@!@!@ENDMSG 2221 @!@!@
@!@!@STARTMSG 2221:0 @!@!@
  line 124, col 16 to line 124, col 77 of module UpdateCluster: 3673
@!@!@ENDMSG 2221 @!@!@
@!@!@STARTMSG 2221:0 @!@!@
  line 125, col 16 to line 125, col 94 of module UpdateCluster: 3673
@!@!@ENDMSG 2221 @!@!@
@!@!@STARTMSG 2772:0 @!@!@
<ApplyFinish line 128, col 1 to line 128, col 14 of module UpdateCluster>: 1858:5330
@!@!@ENDMSG 2772 @!@!@
@!@!@STARTMSG 2221:0 @!@!@
  line 129, col 8 to line 129, col 32 of module UpdateCluster: 30705
@!@!@ENDMSG 2221 @!@!@
@!@!@STARTMSG 2221:0 @!@!@
  |line 129, col 8 to line 129, col 20 of module UpdateCluster: 28040
@!@!@ENDMSG 2221 @!@!@
@!@!@STARTMSG 2221:0 @!@!@
  line 130, col 8 to line 130, col 20 of module UpdateCluster: 2665
@!@!@ENDMSG 2221 @!@!@
@!@!@STARTMSG 2221:0 @!@!@
  line 132, col 12 to line 132, col 44 of module UpdateCluster: 5330
@!@!@ENDMSG 2221 @!@!@
@!@!@STARTMSG 2221:0 @!@!@
  |line 132, col 12 to line 132, col 13 of module UpdateCluster: 5330
@!@!@ENDMSG 2221 @!@!@
@!@!@STARTMSG 2221:0 @!@!@
  |line 132, col 18 to line 132, col 44 of module UpdateCluster: 2665
@!@!@ENDMSG 2221 @!@!@
@!@!@STARTMSG 2221:0 @!@!@
  line 134, col 20 to line 134, col 61 of module UpdateCluster: 3469
@!@!@ENDMSG 2221 @!@!@
@!@!@STARTMSG 2221:0 @!@!@
  line 135, col 20 to line 135, col 42 of module UpdateCluster: 3469
@!@!@ENDMSG 2221 @!@!@
@!@!@STARTMSG 2221:0 @!@!@
  line 136, col 20 to line 136, col 81 of module UpdateCluster: 3469
@!@!@ENDMSG 2221 @!@!@
@!@!@STARTMSG 2221:0 @!@!@
  line 137, col 20 to line 137, col 74 of module UpdateCluster: 3469
@!@!@ENDMSG 2221 @!@!@
@!@!@STARTMSG 2221:0 @!@!@
  line 139, col 20 to line 139, col 63 of module UpdateCluster: 1861
@!@!@ENDMSG 2221 @!@!@
@!@!@STARTMSG 2221:0 @!@!@
  line 140, col 20 to line 140, col 81 of module UpdateCluster: 1861
@!@!@ENDMSG 2221 @!@!@
@!@!@STARTMSG 2221:0 @!@!@
  line 141, col 23 to line 141, col 51 of module UpdateCluster: 1861
@!@!@ENDMSG 2221 @!@!@
@!@!@STARTMSG 2221:0 @!@!@
  line 143, col 28 to line 143, col 91 of module UpdateCluster: 1225
@!@!@ENDMSG 2221 @!@!@
@!@!@STARTMSG 2221:0 @!@!@
  line 145, col 28 to line 145, col 50 of module UpdateCluster: 636
@!@!@ENDMSG 2221 @!@!@
@!@!@STARTMSG 2221:0 @!@!@
  line 146, col 28 to line 146, col 82 of module UpdateCluster: 636
@!@!@ENDMSG 2221 @!@!@
@!@!@STARTMSG 2221:0 @!@!@
  line 131, col 18 to line 131, col 24 of module UpdateCluster: 2665
@!@!@ENDMSG 2221 @!@!@
@!@!@STARTMSG 2774:0 @!@!@
<TypeInvariants line 23, col 1 to line 23, col 14 of module UpdateCluster>
@!@!@ENDMSG 2774 @!@!@
@!@!@STARTMSG 2221:0 @!@!@
  line 24, col 5 to line 48, col 9 of module UpdateCluster: 14018
@!@!@ENDMSG 2221 @!@!@
@!@!@STARTMSG 2221:0 @!@!@
  |line 24, col 8 to line 24, col 25 of module UpdateCluster: 14018
@!@!@ENDMSG 2221 @!@!@
@!@!@STARTMSG 2221:0 @!@!@
  |line 25, col 8 to line 25, col 23 of module UpdateCluster: 14018
@!@!@ENDMSG 2221 @!@!@
@!@!@STARTMSG 2221:0 @!@!@
  |line 26, col 8 to line 31, col 9 of module UpdateCluster: 14018
@!@!@ENDMSG 2221 @!@!@
@!@!@STARTMSG 2221:0 @!@!@
  |line 32, col 8 to line 43, col 9 of module UpdateCluster: 14018
@!@!@ENDMSG 2221 @!@!@
@!@!@STARTMSG 2221:0 @!@!@
  ||line 32, col 29 to line 43, col 9 of module UpdateCluster: 42054
@!@!@ENDMSG 2221 @!@!@
@!@!@STARTMSG 2221:0 @!@!@
  ||line 32, col 17 to line 32, col 25 of module UpdateCluster: 14018
@!@!@ENDMSG 2221 @!@!@
@!@!@STARTMSG 2221:0 @!@!@
  |line 44, col 8 to line 48, col 9 of module UpdateCluster: 14018
@!@!@ENDMSG 2221 @!@!@
@!@!@STARTMSG 2221:0 @!@!@
  ||line 44, col 28 to line 48, col 9 of module UpdateCluster: 28036
@!@!@ENDMSG 2221 @!@!@
@!@!@STARTMSG 2221:0 @!@!@
  ||line 44, col 17 to line 44, col 24 of module UpdateCluster: 14018
@!@!@ENDMSG 2221 @!@!@
@!@!@STARTMSG 2774:0 @!@!@
<Action line 153, col 8 to line 153, col 75 of module UpdateCluster>
@!@!@ENDMSG 2774 @!@!@
@!@!@STARTMSG 2221:0 @!@!@
  line 153, col 8 to line 153, col 75 of module UpdateCluster: 14018
@!@!@ENDMSG 2221 @!@!@
@!@!@STARTMSG 2221:0 @!@!@
  |line 153, col 8 to line 153, col 71 of module UpdateCluster: 14018
@!@!@ENDMSG 2221 @!@!@
@!@!@STARTMSG 2221:0 @!@!@
  ||line 153, col 20 to line 153, col 70 of module UpdateCluster: 14018
@!@!@ENDMSG 2221 @!@!@
@!@!@STARTMSG 2221:0 @!@!@
  |||line 153, col 44 to line 153, col 69 of module UpdateCluster: 42054
@!@!@ENDMSG 2221 @!@!@
@!@!@STARTMSG 2221:0 @!@!@
  |||line 153, col 27 to line 153, col 41 of module UpdateCluster: 14018
@!@!@ENDMSG 2221 @!@!@
@!@!@STARTMSG 2202:0 @!@!@
End of statistics.
@!@!@ENDMSG 2202 @!@!@
@!@!@STARTMSG 2200:0 @!@!@
Progress(21) at 2020-04-16 19:07:55: 48,245 states generated (849,134 s/min), 14,018 distinct states found (246,723 ds/min), 0 states left on queue.
@!@!@ENDMSG 2200 @!@!@
@!@!@STARTMSG 2199:0 @!@!@
48245 states generated, 14018 distinct states found, 0 states left on queue.
@!@!@ENDMSG 2199 @!@!@
@!@!@STARTMSG 2186:0 @!@!@
Finished in 3411ms at (2020-04-16 19:07:55)
@!@!@ENDMSG 2186 @!@!@
