@!@!@STARTMSG 2262:0 @!@!@
TLC2 Version 2.14 of 10 July 2019
@!@!@ENDMSG 2262 @!@!@
@!@!@STARTMSG 2187:0 @!@!@
Running breadth-first search Model-Checking with fp 114 and seed 4442394683152717286 with 6 workers on 8 cores with 2336MB heap and 5254MB offheap memory [pid: 155682] (Linux 5.5.13-200.fc31.x86_64 amd64, AdoptOpenJDK 11.0.3 x86_64, OffHeapDiskFPSet, DiskStateQueue).
@!@!@ENDMSG 2187 @!@!@
@!@!@STARTMSG 2220:0 @!@!@
Starting SANY...
@!@!@ENDMSG 2220 @!@!@
Parsing file /home/matth/projects/tlaplus/infra/UpdateCluster_1.toolbox/Model_1/MC.tla
Parsing file /home/matth/projects/tlaplus/infra/UpdateCluster_1.toolbox/Model_1/UpdateCluster.tla
Parsing file /home/matth/bin/tlatoolbox/plugins/org.lamport.tlatools_1.0.0.201907102009/tla2sany/StandardModules/TLC.tla
Parsing file /home/matth/bin/tlatoolbox/plugins/org.lamport.tlatools_1.0.0.201907102009/tla2sany/StandardModules/Integers.tla
Parsing file /home/matth/bin/tlatoolbox/plugins/org.lamport.tlatools_1.0.0.201907102009/tla2sany/StandardModules/FiniteSets.tla
Parsing file /home/matth/bin/tlatoolbox/plugins/org.lamport.tlatools_1.0.0.201907102009/tla2sany/StandardModules/Naturals.tla
Parsing file /home/matth/bin/tlatoolbox/plugins/org.lamport.tlatools_1.0.0.201907102009/tla2sany/StandardModules/Sequences.tla
Semantic processing of module Naturals
Semantic processing of module Integers
Semantic processing of module Sequences
Semantic processing of module FiniteSets
Semantic processing of module UpdateCluster
Semantic processing of module TLC
Semantic processing of module MC
@!@!@STARTMSG 2219:0 @!@!@
SANY finished.
@!@!@ENDMSG 2219 @!@!@
@!@!@STARTMSG 2185:0 @!@!@
Starting... (2020-04-16 19:47:39)
@!@!@ENDMSG 2185 @!@!@
@!@!@STARTMSG 2212:0 @!@!@
Implied-temporal checking--satisfiability problem has 1 branches.
@!@!@ENDMSG 2212 @!@!@
@!@!@STARTMSG 2189:0 @!@!@
Computing initial states...
@!@!@ENDMSG 2189 @!@!@
@!@!@STARTMSG 2190:0 @!@!@
Finished computing initial states: 2 distinct states generated at 2020-04-16 19:47:39.
@!@!@ENDMSG 2190 @!@!@
@!@!@STARTMSG 2109:1 @!@!@
Successor state is not completely specified by action ApplyStart of the next-state relation. The following variable is not assigned: lock.

@!@!@ENDMSG 2109 @!@!@
@!@!@STARTMSG 2121:1 @!@!@
The behavior up to this point is:
@!@!@ENDMSG 2121 @!@!@
@!@!@STARTMSG 2217:4 @!@!@
1: <Initial predicate>
/\ confOK = FALSE
/\ reqCounter = 0
/\ lock = FALSE
/\ toApply = 0
/\ cluster = [st |-> "idle", v |-> 0]
/\ requests = ( r1 :> [st |-> "waiting", v |-> NULL] @@
  r2 :> [st |-> "waiting", v |-> NULL] @@
  r3 :> [st |-> "waiting", v |-> NULL] )
/\ lastVOK = 0
/\ workers = (w1 :> [st |-> "waiting", v |-> NULL] @@ w2 :> [st |-> "waiting", v |-> NULL])

@!@!@ENDMSG 2217 @!@!@
@!@!@STARTMSG 2217:4 @!@!@
2: <Submit line 67, col 5 to line 70, col 69 of module UpdateCluster>
/\ confOK = FALSE
/\ reqCounter = 1
/\ lock = FALSE
/\ toApply = 0
/\ cluster = [st |-> "idle", v |-> 0]
/\ requests = ( r1 :> [st |-> "submitted", v |-> 1] @@
  r2 :> [st |-> "waiting", v |-> NULL] @@
  r3 :> [st |-> "waiting", v |-> NULL] )
/\ lastVOK = 0
/\ workers = (w1 :> [st |-> "waiting", v |-> NULL] @@ w2 :> [st |-> "waiting", v |-> NULL])

@!@!@ENDMSG 2217 @!@!@
@!@!@STARTMSG 2217:4 @!@!@
3: <Initialcheck line 74, col 5 to line 81, col 81 of module UpdateCluster>
/\ confOK = FALSE
/\ reqCounter = 1
/\ lock = FALSE
/\ toApply = 0
/\ cluster = [st |-> "idle", v |-> 0]
/\ requests = ( r1 :> [st |-> "valid", v |-> 1] @@
  r2 :> [st |-> "waiting", v |-> NULL] @@
  r3 :> [st |-> "waiting", v |-> NULL] )
/\ lastVOK = 0
/\ workers = (w1 :> [st |-> "waiting", v |-> NULL] @@ w2 :> [st |-> "waiting", v |-> NULL])

@!@!@ENDMSG 2217 @!@!@
@!@!@STARTMSG 2217:4 @!@!@
4: <PushToPending line 85, col 5 to line 90, col 90 of module UpdateCluster>
/\ confOK = FALSE
/\ reqCounter = 1
/\ lock = FALSE
/\ toApply = 1
/\ cluster = [st |-> "idle", v |-> 0]
/\ requests = ( r1 :> [st |-> "valid", v |-> 1] @@
  r2 :> [st |-> "waiting", v |-> NULL] @@
  r3 :> [st |-> "waiting", v |-> NULL] )
/\ lastVOK = 0
/\ workers = (w1 :> [st |-> "waiting", v |-> NULL] @@ w2 :> [st |-> "waiting", v |-> NULL])

@!@!@ENDMSG 2217 @!@!@
@!@!@STARTMSG 2217:4 @!@!@
5: <SpawnWorker line 94, col 5 to line 100, col 76 of module UpdateCluster>
/\ confOK = FALSE
/\ reqCounter = 1
/\ lock = TRUE
/\ toApply = 1
/\ cluster = [st |-> "idle", v |-> 0]
/\ requests = ( r1 :> [st |-> "valid", v |-> 1] @@
  r2 :> [st |-> "waiting", v |-> NULL] @@
  r3 :> [st |-> "waiting", v |-> NULL] )
/\ lastVOK = 0
/\ workers = (w1 :> [st |-> "starting", v |-> 1] @@ w2 :> [st |-> "waiting", v |-> NULL])

@!@!@ENDMSG 2217 @!@!@
@!@!@STARTMSG 2217:4 @!@!@
6: <ApplyStart line 105, col 5 to line 118, col 84 of module UpdateCluster>
/\ confOK = FALSE
/\ reqCounter = 1
/\ lock = null
/\ toApply = 1
/\ cluster = [st |-> "idle", v |-> 0]
/\ requests = ( r1 :> [st |-> "valid", v |-> 1] @@
  r2 :> [st |-> "waiting", v |-> NULL] @@
  r3 :> [st |-> "waiting", v |-> NULL] )
/\ lastVOK = 0
/\ workers = (w1 :> [st |-> "waiting", v |-> NULL] @@ w2 :> [st |-> "waiting", v |-> NULL])

@!@!@ENDMSG 2217 @!@!@
@!@!@STARTMSG 2201:0 @!@!@
The coverage statistics at 2020-04-16 19:47:40
@!@!@ENDMSG 2201 @!@!@
@!@!@STARTMSG 2773:0 @!@!@
<Init line 50, col 1 to line 50, col 4 of module UpdateCluster>: 4:4
@!@!@ENDMSG 2773 @!@!@
@!@!@STARTMSG 2221:0 @!@!@
  line 51, col 8 to line 51, col 70 of module UpdateCluster: 2
@!@!@ENDMSG 2221 @!@!@
@!@!@STARTMSG 2221:0 @!@!@
  line 52, col 8 to line 52, col 68 of module UpdateCluster: 2
@!@!@ENDMSG 2221 @!@!@
@!@!@STARTMSG 2221:0 @!@!@
  line 53, col 8 to line 53, col 41 of module UpdateCluster: 2
@!@!@ENDMSG 2221 @!@!@
@!@!@STARTMSG 2221:0 @!@!@
  line 57, col 8 to line 57, col 25 of module UpdateCluster: 2
@!@!@ENDMSG 2221 @!@!@
@!@!@STARTMSG 2221:0 @!@!@
  line 58, col 8 to line 58, col 19 of module UpdateCluster: 4
@!@!@ENDMSG 2221 @!@!@
@!@!@STARTMSG 2772:0 @!@!@
<Submit line 65, col 1 to line 65, col 9 of module UpdateCluster (67 5 70 69)>: 62:79
@!@!@ENDMSG 2772 @!@!@
@!@!@STARTMSG 2221:0 @!@!@
  line 67, col 8 to line 67, col 33 of module UpdateCluster: 241
@!@!@ENDMSG 2221 @!@!@
@!@!@STARTMSG 2221:0 @!@!@
  |line 67, col 8 to line 67, col 21 of module UpdateCluster: 162
@!@!@ENDMSG 2221 @!@!@
@!@!@STARTMSG 2221:0 @!@!@
  line 68, col 8 to line 68, col 25 of module UpdateCluster: 79
@!@!@ENDMSG 2221 @!@!@
@!@!@STARTMSG 2221:0 @!@!@
  line 69, col 8 to line 69, col 73 of module UpdateCluster: 79
@!@!@ENDMSG 2221 @!@!@
@!@!@STARTMSG 2221:0 @!@!@
  line 70, col 8 to line 70, col 69 of module UpdateCluster: 79
@!@!@ENDMSG 2221 @!@!@
@!@!@STARTMSG 2772:0 @!@!@
<Initialcheck line 73, col 1 to line 73, col 15 of module UpdateCluster>: 72:96
@!@!@ENDMSG 2772 @!@!@
@!@!@STARTMSG 2221:0 @!@!@
  line 74, col 8 to line 74, col 35 of module UpdateCluster: 209
@!@!@ENDMSG 2221 @!@!@
@!@!@STARTMSG 2221:0 @!@!@
  |line 74, col 8 to line 74, col 21 of module UpdateCluster: 161
@!@!@ENDMSG 2221 @!@!@
@!@!@STARTMSG 2221:0 @!@!@
  line 76, col 12 to line 76, col 13 of module UpdateCluster: 96
@!@!@ENDMSG 2221 @!@!@
@!@!@STARTMSG 2221:0 @!@!@
  line 78, col 17 to line 78, col 64 of module UpdateCluster: 48
@!@!@ENDMSG 2221 @!@!@
@!@!@STARTMSG 2221:0 @!@!@
  line 80, col 17 to line 80, col 67 of module UpdateCluster: 48
@!@!@ENDMSG 2221 @!@!@
@!@!@STARTMSG 2221:0 @!@!@
  line 75, col 18 to line 75, col 24 of module UpdateCluster: 48
@!@!@ENDMSG 2221 @!@!@
@!@!@STARTMSG 2221:0 @!@!@
  line 81, col 8 to line 81, col 81 of module UpdateCluster: 96
@!@!@ENDMSG 2221 @!@!@
@!@!@STARTMSG 2772:0 @!@!@
<PushToPending line 84, col 1 to line 84, col 16 of module UpdateCluster>: 9:19
@!@!@ENDMSG 2772 @!@!@
@!@!@STARTMSG 2221:0 @!@!@
  line 85, col 8 to line 85, col 31 of module UpdateCluster: 179
@!@!@ENDMSG 2221 @!@!@
@!@!@STARTMSG 2221:0 @!@!@
  |line 85, col 8 to line 85, col 21 of module UpdateCluster: 160
@!@!@ENDMSG 2221 @!@!@
@!@!@STARTMSG 2221:0 @!@!@
  line 86, col 11 to line 86, col 33 of module UpdateCluster: 19
@!@!@ENDMSG 2221 @!@!@
@!@!@STARTMSG 2221:0 @!@!@
  line 87, col 17 to line 87, col 40 of module UpdateCluster: 12
@!@!@ENDMSG 2221 @!@!@
@!@!@STARTMSG 2221:0 @!@!@
  line 88, col 17 to line 88, col 91 of module UpdateCluster: 12
@!@!@ENDMSG 2221 @!@!@
@!@!@STARTMSG 2221:0 @!@!@
  line 89, col 17 to line 89, col 66 of module UpdateCluster: 7
@!@!@ENDMSG 2221 @!@!@
@!@!@STARTMSG 2221:0 @!@!@
  line 90, col 17 to line 90, col 90 of module UpdateCluster: 7
@!@!@ENDMSG 2221 @!@!@
@!@!@STARTMSG 2772:0 @!@!@
<SpawnWorker line 93, col 1 to line 93, col 14 of module UpdateCluster>: 10:11
@!@!@ENDMSG 2772 @!@!@
@!@!@STARTMSG 2221:0 @!@!@
  line 94, col 8 to line 94, col 32 of module UpdateCluster: 114
@!@!@ENDMSG 2221 @!@!@
@!@!@STARTMSG 2221:0 @!@!@
  |line 94, col 8 to line 94, col 20 of module UpdateCluster: 103
@!@!@ENDMSG 2221 @!@!@
@!@!@STARTMSG 2221:0 @!@!@
  line 95, col 8 to line 95, col 25 of module UpdateCluster: 112
@!@!@ENDMSG 2221 @!@!@
@!@!@STARTMSG 2221:0 @!@!@
  |line 95, col 8 to line 95, col 14 of module UpdateCluster: 101
@!@!@ENDMSG 2221 @!@!@
@!@!@STARTMSG 2221:0 @!@!@
  |line 95, col 19 to line 95, col 25 of module UpdateCluster: 101
@!@!@ENDMSG 2221 @!@!@
@!@!@STARTMSG 2221:0 @!@!@
  line 96, col 12 to line 96, col 30 of module UpdateCluster: 22
@!@!@ENDMSG 2221 @!@!@
@!@!@STARTMSG 2221:0 @!@!@
  |line 96, col 12 to line 96, col 21 of module UpdateCluster: 11
@!@!@ENDMSG 2221 @!@!@
@!@!@STARTMSG 2221:0 @!@!@
  line 97, col 12 to line 97, col 32 of module UpdateCluster: 11
@!@!@ENDMSG 2221 @!@!@
@!@!@STARTMSG 2221:0 @!@!@
  line 98, col 8 to line 98, col 73 of module UpdateCluster: 11
@!@!@ENDMSG 2221 @!@!@
@!@!@STARTMSG 2221:0 @!@!@
  line 99, col 8 to line 99, col 19 of module UpdateCluster: 11
@!@!@ENDMSG 2221 @!@!@
@!@!@STARTMSG 2221:0 @!@!@
  line 100, col 8 to line 100, col 76 of module UpdateCluster: 11
@!@!@ENDMSG 2221 @!@!@
@!@!@STARTMSG 2772:0 @!@!@
<ApplyStart line 104, col 1 to line 104, col 13 of module UpdateCluster>: 0:2
@!@!@ENDMSG 2772 @!@!@
@!@!@STARTMSG 2221:0 @!@!@
  line 105, col 8 to line 105, col 33 of module UpdateCluster: 104
@!@!@ENDMSG 2221 @!@!@
@!@!@STARTMSG 2221:0 @!@!@
  |line 105, col 8 to line 105, col 20 of module UpdateCluster: 102
@!@!@ENDMSG 2221 @!@!@
@!@!@STARTMSG 2221:0 @!@!@
  line 106, col 11 to line 106, col 33 of module UpdateCluster: 2
@!@!@ENDMSG 2221 @!@!@
@!@!@STARTMSG 2221:0 @!@!@
  line 108, col 16 to line 108, col 21 of module UpdateCluster: 2
@!@!@ENDMSG 2221 @!@!@
@!@!@STARTMSG 2221:0 @!@!@
  line 110, col 24 to line 110, col 72 of module UpdateCluster: 0
@!@!@ENDMSG 2221 @!@!@
@!@!@STARTMSG 2221:0 @!@!@
  line 111, col 24 to line 111, col 70 of module UpdateCluster: 0
@!@!@ENDMSG 2221 @!@!@
@!@!@STARTMSG 2221:0 @!@!@
  line 112, col 24 to line 112, col 89 of module UpdateCluster: 0
@!@!@ENDMSG 2221 @!@!@
@!@!@STARTMSG 2221:0 @!@!@
  line 114, col 24 to line 114, col 85 of module UpdateCluster: 2
@!@!@ENDMSG 2221 @!@!@
@!@!@STARTMSG 2221:0 @!@!@
  line 115, col 24 to line 115, col 92 of module UpdateCluster: 2
@!@!@ENDMSG 2221 @!@!@
@!@!@STARTMSG 2221:0 @!@!@
  line 117, col 16 to line 117, col 77 of module UpdateCluster: 0
@!@!@ENDMSG 2221 @!@!@
@!@!@STARTMSG 2221:0 @!@!@
  line 118, col 16 to line 118, col 84 of module UpdateCluster: 0
@!@!@ENDMSG 2221 @!@!@
@!@!@STARTMSG 2772:0 @!@!@
<ApplyFinish line 125, col 1 to line 125, col 14 of module UpdateCluster>: 0:0
@!@!@ENDMSG 2772 @!@!@
@!@!@STARTMSG 2221:0 @!@!@
  line 126, col 8 to line 126, col 32 of module UpdateCluster: 100
@!@!@ENDMSG 2221 @!@!@
@!@!@STARTMSG 2221:0 @!@!@
  line 130, col 20 to line 130, col 61 of module UpdateCluster: 0
@!@!@ENDMSG 2221 @!@!@
@!@!@STARTMSG 2221:0 @!@!@
  line 131, col 20 to line 131, col 42 of module UpdateCluster: 0
@!@!@ENDMSG 2221 @!@!@
@!@!@STARTMSG 2221:0 @!@!@
  line 132, col 20 to line 132, col 81 of module UpdateCluster: 0
@!@!@ENDMSG 2221 @!@!@
@!@!@STARTMSG 2221:0 @!@!@
  line 133, col 20 to line 133, col 70 of module UpdateCluster: 0
@!@!@ENDMSG 2221 @!@!@
@!@!@STARTMSG 2221:0 @!@!@
  line 135, col 20 to line 135, col 63 of module UpdateCluster: 0
@!@!@ENDMSG 2221 @!@!@
@!@!@STARTMSG 2221:0 @!@!@
  line 136, col 20 to line 136, col 81 of module UpdateCluster: 0
@!@!@ENDMSG 2221 @!@!@
@!@!@STARTMSG 2221:0 @!@!@
  line 139, col 28 to line 139, col 87 of module UpdateCluster: 0
@!@!@ENDMSG 2221 @!@!@
@!@!@STARTMSG 2221:0 @!@!@
  line 141, col 28 to line 141, col 53 of module UpdateCluster: 0
@!@!@ENDMSG 2221 @!@!@
@!@!@STARTMSG 2221:0 @!@!@
  line 142, col 28 to line 142, col 78 of module UpdateCluster: 0
@!@!@ENDMSG 2221 @!@!@
@!@!@STARTMSG 2774:0 @!@!@
<TypeInvariants line 24, col 1 to line 24, col 14 of module UpdateCluster>
@!@!@ENDMSG 2774 @!@!@
@!@!@STARTMSG 2221:0 @!@!@
  line 25, col 5 to line 43, col 9 of module UpdateCluster: 155
@!@!@ENDMSG 2221 @!@!@
@!@!@STARTMSG 2221:0 @!@!@
  |line 25, col 8 to line 25, col 25 of module UpdateCluster: 155
@!@!@ENDMSG 2221 @!@!@
@!@!@STARTMSG 2221:0 @!@!@
  |line 26, col 8 to line 26, col 23 of module UpdateCluster: 155
@!@!@ENDMSG 2221 @!@!@
@!@!@STARTMSG 2221:0 @!@!@
  |line 27, col 8 to line 32, col 9 of module UpdateCluster: 155
@!@!@ENDMSG 2221 @!@!@
@!@!@STARTMSG 2221:0 @!@!@
  |line 33, col 8 to line 38, col 9 of module UpdateCluster: 155
@!@!@ENDMSG 2221 @!@!@
@!@!@STARTMSG 2221:0 @!@!@
  ||line 33, col 29 to line 38, col 9 of module UpdateCluster: 465
@!@!@ENDMSG 2221 @!@!@
@!@!@STARTMSG 2221:0 @!@!@
  ||line 33, col 17 to line 33, col 25 of module UpdateCluster: 155
@!@!@ENDMSG 2221 @!@!@
@!@!@STARTMSG 2221:0 @!@!@
  |line 39, col 8 to line 43, col 9 of module UpdateCluster: 155
@!@!@ENDMSG 2221 @!@!@
@!@!@STARTMSG 2221:0 @!@!@
  ||line 39, col 28 to line 43, col 9 of module UpdateCluster: 310
@!@!@ENDMSG 2221 @!@!@
@!@!@STARTMSG 2221:0 @!@!@
  ||line 39, col 17 to line 39, col 24 of module UpdateCluster: 155
@!@!@ENDMSG 2221 @!@!@
@!@!@STARTMSG 2774:0 @!@!@
<Action line 150, col 8 to line 150, col 75 of module UpdateCluster>
@!@!@ENDMSG 2774 @!@!@
@!@!@STARTMSG 2221:0 @!@!@
  line 150, col 8 to line 150, col 75 of module UpdateCluster: 155
@!@!@ENDMSG 2221 @!@!@
@!@!@STARTMSG 2221:0 @!@!@
  |line 150, col 8 to line 150, col 71 of module UpdateCluster: 155
@!@!@ENDMSG 2221 @!@!@
@!@!@STARTMSG 2221:0 @!@!@
  ||line 150, col 20 to line 150, col 70 of module UpdateCluster: 155
@!@!@ENDMSG 2221 @!@!@
@!@!@STARTMSG 2221:0 @!@!@
  |||line 150, col 44 to line 150, col 69 of module UpdateCluster: 465
@!@!@ENDMSG 2221 @!@!@
@!@!@STARTMSG 2221:0 @!@!@
  |||line 150, col 27 to line 150, col 41 of module UpdateCluster: 155
@!@!@ENDMSG 2221 @!@!@
@!@!@STARTMSG 2202:0 @!@!@
End of statistics.
@!@!@ENDMSG 2202 @!@!@
@!@!@STARTMSG 2200:0 @!@!@
Progress(6) at 2020-04-16 19:47:40: 197 states generated (8,968 s/min), 155 distinct states found (7,056 ds/min), 104 states left on queue.
@!@!@ENDMSG 2200 @!@!@
@!@!@STARTMSG 2199:0 @!@!@
197 states generated, 155 distinct states found, 104 states left on queue.
@!@!@ENDMSG 2199 @!@!@
@!@!@STARTMSG 2194:0 @!@!@
The depth of the complete state graph search is 6.
@!@!@ENDMSG 2194 @!@!@
@!@!@STARTMSG 2268:0 @!@!@
The average outdegree of the complete state graph is 3 (minimum is 0, the maximum 5 and the 95th percentile is 5).
@!@!@ENDMSG 2268 @!@!@
@!@!@STARTMSG 2186:0 @!@!@
Finished in 1323ms at (2020-04-16 19:47:40)
@!@!@ENDMSG 2186 @!@!@
